<?xml version="1.0" encoding="UTF-8"?>
<testng-results ignored="0" total="4" passed="4" failed="0" skipped="0">
  <reporter-output>
  </reporter-output>
  <suite started-at="2023-02-23T14:12:58 PST" name="Default suite" finished-at="2023-02-23T14:13:05 PST" duration-ms="7010">
    <groups>
    </groups>
    <test started-at="2023-02-23T14:12:58 PST" name="Default test" finished-at="2023-02-23T14:13:05 PST" duration-ms="7010">
      <class name="rest_assured.trello">
        <test-method is-config="true" signature="beforeTest()[pri:0, instance:rest_assured.trello@21de60b4]" started-at="2023-02-23T14:12:58 PST" name="beforeTest" finished-at="2023-02-23T14:12:58 PST" duration-ms="9" status="PASS">
          <reporter-output>
          </reporter-output>
        </test-method> <!-- beforeTest -->
        <test-method signature="Create_Boards()[pri:0, instance:rest_assured.trello@21de60b4]" started-at="2023-02-23T14:12:58 PST" name="Create_Boards" finished-at="2023-02-23T14:13:03 PST" duration-ms="4594" status="PASS">
          <reporter-output>
          </reporter-output>
        </test-method> <!-- Create_Boards -->
        <test-method signature="Create_Boards1()[pri:0, instance:rest_assured.trello@21de60b4]" started-at="2023-02-23T14:13:03 PST" name="Create_Boards1" finished-at="2023-02-23T14:13:04 PST" duration-ms="1070" status="PASS">
          <reporter-output>
          </reporter-output>
        </test-method> <!-- Create_Boards1 -->
        <test-method signature="Delete_Boards()[pri:0, instance:rest_assured.trello@21de60b4]" started-at="2023-02-23T14:13:04 PST" name="Delete_Boards" finished-at="2023-02-23T14:13:04 PST" duration-ms="619" status="PASS">
          <reporter-output>
          </reporter-output>
        </test-method> <!-- Delete_Boards -->
        <test-method signature="Get_Boards()[pri:0, instance:rest_assured.trello@21de60b4]" started-at="2023-02-23T14:13:04 PST" name="Get_Boards" finished-at="2023-02-23T14:13:05 PST" duration-ms="671" status="PASS">
          <reporter-output>
          </reporter-output>
        </test-method> <!-- Get_Boards -->
        <test-method is-config="true" signature="AfterTest()[pri:0, instance:rest_assured.trello@21de60b4]" started-at="2023-02-23T14:13:05 PST" name="AfterTest" finished-at="2023-02-23T14:13:05 PST" duration-ms="1" status="PASS">
          <reporter-output>
          </reporter-output>
        </test-method> <!-- AfterTest -->
      </class> <!-- rest_assured.trello -->
    </test> <!-- Default test -->
  </suite> <!-- Default suite -->
</testng-results>
