<?xml version="1.0" encoding="UTF-8"?>
<!-- Generated by org.testng.reporters.JUnitXMLReporter -->
<testsuite ignored="0" hostname="LAPTOP-DRUEEPMS" failures="0" tests="4" name="Default test" time="7.01" errors="0" timestamp="2023-02-23T14:13:05 PST">
  <testcase classname="rest_assured.trello" name="Create_Boards" time="4.594"/>
  <testcase classname="rest_assured.trello" name="Create_Boards1" time="1.07"/>
  <testcase classname="rest_assured.trello" name="Delete_Boards" time="0.619"/>
  <testcase classname="rest_assured.trello" name="Get_Boards" time="0.671"/>
</testsuite> <!-- Default test -->
